  ProyectoFinal.cpp
C:\Users\avian\CGIHC\318201458_PROYECTOFINAL_GPO5-andrea\318201458_PROYECTOFINAL_GPO5-andrea\318201458_PROYECTOFINAL_GPO5-andrea\ProyectoFinal\modelAnim.h(104,44): warning C4244: '=': conversión de 'double' a 'float'; posible pérdida de datos
  (compilando archivo de origen "ProyectoFinal.cpp")
  
C:\Users\avian\CGIHC\318201458_PROYECTOFINAL_GPO5-andrea\318201458_PROYECTOFINAL_GPO5-andrea\318201458_PROYECTOFINAL_GPO5-andrea\ProyectoFinal\modelAnim.h(519,24): warning C4244: 'inicializando': conversión de 'double' a 'float'; posible pérdida de datos
  (compilando archivo de origen "ProyectoFinal.cpp")
  
C:\Users\avian\CGIHC\318201458_PROYECTOFINAL_GPO5-andrea\318201458_PROYECTOFINAL_GPO5-andrea\318201458_PROYECTOFINAL_GPO5-andrea\ProyectoFinal\ProyectoFinal.cpp(380,24): warning C4244: 'inicializando': conversión de 'double' a 'GLfloat'; posible pérdida de datos
C:\Users\avian\CGIHC\318201458_PROYECTOFINAL_GPO5-andrea\318201458_PROYECTOFINAL_GPO5-andrea\318201458_PROYECTOFINAL_GPO5-andrea\ProyectoFinal\ProyectoFinal.cpp(540,88): warning C4305: 'argumento': truncamiento de 'double' a 'GLfloat'
C:\Users\avian\CGIHC\318201458_PROYECTOFINAL_GPO5-andrea\318201458_PROYECTOFINAL_GPO5-andrea\318201458_PROYECTOFINAL_GPO5-andrea\ProyectoFinal\ProyectoFinal.cpp(540,81): warning C4305: 'argumento': truncamiento de 'double' a 'GLfloat'
C:\Users\avian\CGIHC\318201458_PROYECTOFINAL_GPO5-andrea\318201458_PROYECTOFINAL_GPO5-andrea\318201458_PROYECTOFINAL_GPO5-andrea\ProyectoFinal\ProyectoFinal.cpp(541,92): warning C4305: 'argumento': truncamiento de 'double' a 'GLfloat'
C:\Users\avian\CGIHC\318201458_PROYECTOFINAL_GPO5-andrea\318201458_PROYECTOFINAL_GPO5-andrea\318201458_PROYECTOFINAL_GPO5-andrea\ProyectoFinal\ProyectoFinal.cpp(541,87): warning C4305: 'argumento': truncamiento de 'double' a 'GLfloat'
C:\Users\avian\CGIHC\318201458_PROYECTOFINAL_GPO5-andrea\318201458_PROYECTOFINAL_GPO5-andrea\318201458_PROYECTOFINAL_GPO5-andrea\ProyectoFinal\ProyectoFinal.cpp(541,82): warning C4305: 'argumento': truncamiento de 'double' a 'GLfloat'
C:\Users\avian\CGIHC\318201458_PROYECTOFINAL_GPO5-andrea\318201458_PROYECTOFINAL_GPO5-andrea\318201458_PROYECTOFINAL_GPO5-andrea\ProyectoFinal\ProyectoFinal.cpp(612,20): warning C4244: 'inicializando': conversión de 'double' a 'float'; posible pérdida de datos
C:\Users\avian\CGIHC\318201458_PROYECTOFINAL_GPO5-andrea\318201458_PROYECTOFINAL_GPO5-andrea\318201458_PROYECTOFINAL_GPO5-andrea\ProyectoFinal\ProyectoFinal.cpp(644,52): warning C4244: '=': conversión de 'double' a 'float'; posible pérdida de datos
C:\Users\avian\CGIHC\318201458_PROYECTOFINAL_GPO5-andrea\318201458_PROYECTOFINAL_GPO5-andrea\318201458_PROYECTOFINAL_GPO5-andrea\ProyectoFinal\ProyectoFinal.cpp(685,18): warning C4244: '=': conversión de 'double' a 'float'; posible pérdida de datos
C:\Users\avian\CGIHC\318201458_PROYECTOFINAL_GPO5-andrea\318201458_PROYECTOFINAL_GPO5-andrea\318201458_PROYECTOFINAL_GPO5-andrea\ProyectoFinal\ProyectoFinal.cpp(704,18): warning C4244: '=': conversión de 'double' a 'float'; posible pérdida de datos
C:\Users\avian\CGIHC\318201458_PROYECTOFINAL_GPO5-andrea\318201458_PROYECTOFINAL_GPO5-andrea\318201458_PROYECTOFINAL_GPO5-andrea\ProyectoFinal\ProyectoFinal.cpp(726,18): warning C4244: '=': conversión de 'double' a 'float'; posible pérdida de datos
C:\Users\avian\CGIHC\318201458_PROYECTOFINAL_GPO5-andrea\318201458_PROYECTOFINAL_GPO5-andrea\318201458_PROYECTOFINAL_GPO5-andrea\ProyectoFinal\ProyectoFinal.cpp(908,11): warning C4244: '=': conversión de 'double' a 'GLfloat'; posible pérdida de datos
C:\Users\avian\CGIHC\318201458_PROYECTOFINAL_GPO5-andrea\318201458_PROYECTOFINAL_GPO5-andrea\318201458_PROYECTOFINAL_GPO5-andrea\ProyectoFinal\ProyectoFinal.cpp(909,11): warning C4244: '=': conversión de 'double' a 'GLfloat'; posible pérdida de datos
C:\Users\avian\CGIHC\318201458_PROYECTOFINAL_GPO5-andrea\318201458_PROYECTOFINAL_GPO5-andrea\318201458_PROYECTOFINAL_GPO5-andrea\ProyectoFinal\ProyectoFinal.cpp(914,18): warning C4244: 'inicializando': conversión de 'double' a 'GLfloat'; posible pérdida de datos
C:\Users\avian\CGIHC\318201458_PROYECTOFINAL_GPO5-andrea\318201458_PROYECTOFINAL_GPO5-andrea\318201458_PROYECTOFINAL_GPO5-andrea\ProyectoFinal\ProyectoFinal.cpp(915,18): warning C4244: 'inicializando': conversión de 'double' a 'GLfloat'; posible pérdida de datos
C:\Users\avian\CGIHC\318201458_PROYECTOFINAL_GPO5-andrea\318201458_PROYECTOFINAL_GPO5-andrea\318201458_PROYECTOFINAL_GPO5-andrea\ProyectoFinal\ProyectoFinal.cpp(916,10): warning C4244: '=': conversión de 'double' a 'GLfloat'; posible pérdida de datos
C:\Users\avian\CGIHC\318201458_PROYECTOFINAL_GPO5-andrea\318201458_PROYECTOFINAL_GPO5-andrea\318201458_PROYECTOFINAL_GPO5-andrea\ProyectoFinal\ProyectoFinal.cpp(917,10): warning C4244: '=': conversión de 'double' a 'GLfloat'; posible pérdida de datos
soil2-debug.lib(SOIL2.obj) : warning LNK4075: se omite '/EDITANDCONTINUE' debido a la especificación '/OPT:ICF'
LINK : warning LNK4098: la biblioteca predeterminada'MSVCRTD' entra en conflicto con otras bibliotecas; use la biblioteca /NODEFAULTLIB:biblioteca
  Generando código
  1 of 680 functions ( 0.1%) were compiled, the rest were copied from previous compilation.
    0 functions were new in current compilation
    0 functions had inline decision re-evaluated but remain unchanged
  Generación de código finalizada
soil2-debug.lib(etc1_utils.obj) : warning LNK4099: no se encontró PDB 'soil2-debug.pdb' con 'soil2-debug.lib(etc1_utils.obj)' o en 'C:\Users\avian\CGIHC\318201458_PROYECTOFINAL_GPO5-andrea\318201458_PROYECTOFINAL_GPO5-andrea\318201458_PROYECTOFINAL_GPO5-andrea\Release\soil2-debug.pdb'; se vinculará el objeto sin tener en cuenta información de depuración
soil2-debug.lib(image_DXT.obj) : warning LNK4099: no se encontró PDB 'soil2-debug.pdb' con 'soil2-debug.lib(image_DXT.obj)' o en 'C:\Users\avian\CGIHC\318201458_PROYECTOFINAL_GPO5-andrea\318201458_PROYECTOFINAL_GPO5-andrea\318201458_PROYECTOFINAL_GPO5-andrea\Release\soil2-debug.pdb'; se vinculará el objeto sin tener en cuenta información de depuración
soil2-debug.lib(image_helper.obj) : warning LNK4099: no se encontró PDB 'soil2-debug.pdb' con 'soil2-debug.lib(image_helper.obj)' o en 'C:\Users\avian\CGIHC\318201458_PROYECTOFINAL_GPO5-andrea\318201458_PROYECTOFINAL_GPO5-andrea\318201458_PROYECTOFINAL_GPO5-andrea\Release\soil2-debug.pdb'; se vinculará el objeto sin tener en cuenta información de depuración
soil2-debug.lib(SOIL2.obj) : warning LNK4099: no se encontró PDB 'soil2-debug.pdb' con 'soil2-debug.lib(SOIL2.obj)' o en 'C:\Users\avian\CGIHC\318201458_PROYECTOFINAL_GPO5-andrea\318201458_PROYECTOFINAL_GPO5-andrea\318201458_PROYECTOFINAL_GPO5-andrea\Release\soil2-debug.pdb'; se vinculará el objeto sin tener en cuenta información de depuración
  ProyectoFinal.vcxproj -> C:\Users\avian\CGIHC\318201458_PROYECTOFINAL_GPO5-andrea\318201458_PROYECTOFINAL_GPO5-andrea\318201458_PROYECTOFINAL_GPO5-andrea\Release\ProyectoFinal.exe
